<?xml version="1.0" encoding="UTF-8"?>
<testng-results ignored="0" total="1" passed="1" failed="0" skipped="0">
  <reporter-output>
  </reporter-output>
  <suite started-at="2026-04-04T10:58:51 IST" name="Default suite" finished-at="2026-04-04T10:58:54 IST" duration-ms="3073">
    <groups>
    </groups>
    <test started-at="2026-04-04T10:58:51 IST" name="Default test" finished-at="2026-04-04T10:58:54 IST" duration-ms="3073">
      <class name="com.qa.tests.UserTests">
        <test-method is-config="true" signature="setup()[pri:0, instance:com.qa.tests.UserTests@7d3e8655]" started-at="2026-04-04T10:58:51 IST" name="setup" finished-at="2026-04-04T10:58:51 IST" duration-ms="321" status="PASS">
          <reporter-output>
          </reporter-output>
        </test-method> <!-- setup -->
        <test-method signature="createUser()[pri:1, instance:com.qa.tests.UserTests@7d3e8655]" started-at="2026-04-04T10:58:51 IST" name="createUser" finished-at="2026-04-04T10:58:54 IST" duration-ms="2673" status="PASS">
          <reporter-output>
          </reporter-output>
        </test-method> <!-- createUser -->
      </class> <!-- com.qa.tests.UserTests -->
    </test> <!-- Default test -->
  </suite> <!-- Default suite -->
</testng-results>
